<?xml version="1.0" encoding="UTF-8"?>
<!-- Generated by org.testng.reporters.JUnitReportReporter -->
<testsuite skipped="0" hostname="DESKTOP-HT8IJ1S" name="com.inetBanking.testCases.TC_LoginTest_001" tests="1" failures="0" timestamp="2022-03-20T19:53:16 EDT" time="5.459" errors="0">
  <testcase name="loginTest" time="5.459" classname="com.inetBanking.testCases.TC_LoginTest_001"/>
  <system-out/>
</testsuite> <!-- com.inetBanking.testCases.TC_LoginTest_001 -->
